<?xml version="1.0" encoding="UTF-8"?>
<testng-results ignored="0" total="1" passed="1" failed="0" skipped="0">
  <reporter-output>
  </reporter-output>
  <suite started-at="2021-05-29T15:59:32 IST" name="Default suite" finished-at="2021-05-29T15:59:56 IST" duration-ms="24073">
    <groups>
    </groups>
    <test started-at="2021-05-29T15:59:32 IST" name="Default test" finished-at="2021-05-29T15:59:56 IST" duration-ms="24073">
      <class name="TestCases.AutoSuggestiveTest">
        <test-method is-config="true" signature="setUp()[pri:0, instance:TestCases.AutoSuggestiveTest@794cb805]" started-at="2021-05-29T15:59:32 IST" name="setUp" finished-at="2021-05-29T15:59:41 IST" duration-ms="8768" status="PASS">
          <reporter-output>
          </reporter-output>
        </test-method> <!-- setUp -->
        <test-method signature="verifyAutoSuggestionTest()[pri:0, instance:TestCases.AutoSuggestiveTest@794cb805]" started-at="2021-05-29T15:59:41 IST" name="verifyAutoSuggestionTest" finished-at="2021-05-29T15:59:55 IST" duration-ms="13982" status="PASS">
          <reporter-output>
          </reporter-output>
        </test-method> <!-- verifyAutoSuggestionTest -->
        <test-method is-config="true" signature="tearDown()[pri:0, instance:TestCases.AutoSuggestiveTest@794cb805]" started-at="2021-05-29T15:59:55 IST" name="tearDown" finished-at="2021-05-29T15:59:56 IST" duration-ms="1184" status="PASS">
          <reporter-output>
          </reporter-output>
        </test-method> <!-- tearDown -->
      </class> <!-- TestCases.AutoSuggestiveTest -->
    </test> <!-- Default test -->
  </suite> <!-- Default suite -->
</testng-results>
